<?xml version="1.0" encoding="UTF-8"?>
<!-- Generated by org.testng.reporters.JUnitReportReporter -->
<testsuite hostname="User-PC" failures="0" tests="3" name="org.practice1.cust" time="0.015" errors="0" timestamp="2022-08-18T12:47:59 IST" skipped="0">
  <testcase classname="org.practice1.cust" name="creatcust" time="0.005"/>
  <system-out/>
  <testcase classname="org.practice1.cust" name="modifycust" time="0.005"/>
  <system-out/>
  <testcase classname="org.practice1.cust" name="deletecust" time="0.005"/>
  <system-out/>
</testsuite> <!-- org.practice1.cust -->
