<?xml version="1.0" encoding="UTF-8"?>
<!-- Generated by org.testng.reporters.JUnitReportReporter -->
<testsuite hostname="User-PC" failures="0" tests="3" name="org.practice.Customer" time="0.055" errors="0" timestamp="2022-08-18T12:47:59 IST" skipped="0">
  <testcase classname="org.practice.Customer" name="deleteCustomer" time="0.005"/>
  <system-out/>
  <testcase classname="org.practice.Customer" name="createCustomer" time="0.042"/>
  <system-out/>
  <testcase classname="org.practice.Customer" name="modifyCustomer" time="0.008"/>
  <system-out/>
</testsuite> <!-- org.practice.Customer -->
