<?xml version="1.0" encoding="UTF-8"?>
<!-- Generated by org.testng.reporters.JUnitReportReporter -->
<testsuite hostname="User-PC" failures="0" tests="3" name="org.practice.campaingn" time="0.029" errors="0" timestamp="2022-08-18T12:47:59 IST" skipped="0">
  <testcase classname="org.practice.campaingn" name="modifyCampaingn" time="0.006"/>
  <system-out/>
  <testcase classname="org.practice.campaingn" name="deleteCampaingn" time="0.012"/>
  <system-out/>
  <testcase classname="org.practice.campaingn" name="createCampaingn" time="0.011"/>
  <system-out/>
</testsuite> <!-- org.practice.campaingn -->
