<?xml version="1.0" encoding="UTF-8"?>
<!-- Generated by org.testng.reporters.JUnitReportReporter -->
<testsuite hostname="User-PC" failures="0" tests="3" name="org.practice1.camp" time="0.052" errors="0" timestamp="2022-08-18T12:47:59 IST" skipped="0">
  <testcase classname="org.practice1.camp" name="modifycamp" time="0.006"/>
  <system-out/>
  <testcase classname="org.practice1.camp" name="createcamp" time="0.033"/>
  <system-out/>
  <testcase classname="org.practice1.camp" name="deletecamp" time="0.013"/>
  <system-out/>
</testsuite> <!-- org.practice1.camp -->
