<?xml version="1.0" encoding="UTF-8"?>
<!-- Generated by org.testng.reporters.JUnitReportReporter -->
<testsuite hostname="User-PC" failures="0" tests="3" name="org.practice1.org" time="0.058" errors="0" timestamp="2022-08-18T12:47:59 IST" skipped="0">
  <testcase classname="org.practice1.org" name="creatorg" time="0.041"/>
  <system-out/>
  <testcase classname="org.practice1.org" name="modifyorg" time="0.006"/>
  <system-out/>
  <testcase classname="org.practice1.org" name="deleteorg" time="0.011"/>
  <system-out/>
</testsuite> <!-- org.practice1.org -->
