<?xml version="1.0" encoding="UTF-8"?>
<!-- Generated by org.testng.reporters.JUnitReportReporter -->
<testsuite hostname="User-PC" failures="0" tests="3" name="org.practice.Organization" time="0.016" errors="0" timestamp="2022-08-18T12:47:59 IST" skipped="0">
  <testcase classname="org.practice.Organization" name="createOrganization" time="0.006"/>
  <system-out/>
  <testcase classname="org.practice.Organization" name="modifyOrganization" time="0.005"/>
  <system-out/>
  <testcase classname="org.practice.Organization" name="deleteOrganization" time="0.005"/>
  <system-out/>
</testsuite> <!-- org.practice.Organization -->
