<?xml version="1.0" encoding="UTF-8"?>
<!-- Generated by org.testng.reporters.JUnitReportReporter -->
<testsuite hostname="User-PC" failures="0" tests="5" name="com.wizGradeSchoolapp.practice.practice2Dataprovider" time="0.070" errors="0" timestamp="2022-08-16T12:45:32 IST" skipped="0">
  <testcase classname="com.wizGradeSchoolapp.practice.practice2Dataprovider" name="bookingTicket" time="0.004"/>
  <system-out/>
  <testcase classname="com.wizGradeSchoolapp.practice.practice2Dataprovider" name="bookingTicket" time="0.021"/>
  <system-out/>
  <testcase classname="com.wizGradeSchoolapp.practice.practice2Dataprovider" name="bookingTicket" time="0.016"/>
  <system-out/>
  <testcase classname="com.wizGradeSchoolapp.practice.practice2Dataprovider" name="bookingTicket" time="0.006"/>
  <system-out/>
  <testcase classname="com.wizGradeSchoolapp.practice.practice2Dataprovider" name="bookingTicket" time="0.023"/>
  <system-out/>
</testsuite> <!-- com.wizGradeSchoolapp.practice.practice2Dataprovider -->
