<?xml version="1.0" encoding="UTF-8"?>
<!-- Generated by org.testng.reporters.JUnitReportReporter -->
<testsuite hostname="User-PC" failures="0" tests="3" name="com.wizGradeSchoolapp.practice.practice1" time="0.043" errors="0" timestamp="2022-08-16T11:19:02 IST" skipped="0">
  <testcase classname="com.wizGradeSchoolapp.practice.practice1" name="deleteCustomer" time="0.006"/>
  <system-out/>
  <testcase classname="com.wizGradeSchoolapp.practice.practice1" name="modifyCustomer" time="0.003"/>
  <system-out/>
  <testcase classname="com.wizGradeSchoolapp.practice.practice1" name="createCustomer" time="0.034"/>
  <system-out/>
</testsuite> <!-- com.wizGradeSchoolapp.practice.practice1 -->
